\BOOKMARK [1][-]{section*.1}{\376\377\000O\000v\000e\000r\000v\000i\000e\000w}{}% 1
\BOOKMARK [1][-]{section*.2}{\376\377\000R\000e\000q\000u\000i\000r\000e\000m\000e\000n\000t\000s}{}% 2
\BOOKMARK [1][-]{section*.3}{\376\377\000R\000e\000a\000d\000i\000n\000g\000s}{}% 3
\BOOKMARK [2][-]{subsection*.4}{\376\377\000R\000e\000q\000u\000i\000r\000e\000d\000\040\000t\000e\000x\000t\000b\000o\000o\000k\000:}{section*.3}% 4
\BOOKMARK [2][-]{subsection*.5}{\376\377\000W\000e\000e\000k\000\040\0001\000\040\000\050\0002\0000\0001\0007\000-\0000\0008\000-\0002\0001\000\176\0002\0000\0001\0007\000-\0000\0008\000-\0002\0007\000\051\000:\000\040\000B\000e\000i\000n\000g\000\040\000a\000\040\000P\000o\000l\000i\000t\000i\000c\000a\000l\000\040\000S\000c\000i\000e\000n\000t\000i\000s\000t}{section*.3}% 5
\BOOKMARK [2][-]{subsection*.6}{\376\377\000W\000e\000e\000k\000\040\0002\000\040\000\050\0002\0000\0001\0007\000-\0000\0008\000-\0002\0008\000\176\0002\0000\0001\0007\000-\0000\0009\000-\0000\0003\000\051\000:\000\040\000B\000e\000i\000n\000g\000\040\000S\000c\000i\000e\000n\000t\000i\000f\000i\000c}{section*.3}% 6
\BOOKMARK [2][-]{subsection*.7}{\376\377\000W\000e\000e\000k\000\040\0003\000\040\000\050\0002\0000\0001\0007\000-\0000\0009\000-\0000\0004\000\176\0002\0000\0001\0007\000-\0000\0009\000-\0001\0000\000\051\000:\000\040\000W\000h\000a\000t\000'\000s\000\040\000A\000\040\000G\000o\000o\000d\000\040\000Q\000u\000e\000s\000t\000i\000o\000n\000\040\000\050\000L\000a\000b\000o\000r\000\040\000D\000a\000y\000\051}{section*.3}% 7
\BOOKMARK [2][-]{subsection*.8}{\376\377\000W\000e\000e\000k\000\040\0004\000\040\000\050\0002\0000\0001\0007\000-\0000\0009\000-\0001\0001\000\176\0002\0000\0001\0007\000-\0000\0009\000-\0001\0007\000\051\000:\000\040\000H\000o\000w\000\040\000t\000o\000\040\000F\000i\000n\000d\000\040\000R\000e\000s\000e\000a\000r\000c\000h\000\040\000Q\000u\000e\000s\000t\000i\000o\000n}{section*.3}% 8
\BOOKMARK [2][-]{subsection*.9}{\376\377\000W\000e\000e\000k\000\040\0005\000\040\000\050\0002\0000\0001\0007\000-\0000\0009\000-\0001\0008\000\176\0002\0000\0001\0007\000-\0000\0009\000-\0002\0004\000\051\000:\000\040\000C\000o\000n\000c\000e\000p\000t\000s}{section*.3}% 9
\BOOKMARK [2][-]{subsection*.10}{\376\377\000W\000e\000e\000k\000\040\0006\000\040\000\050\0002\0000\0001\0007\000-\0000\0009\000-\0002\0005\000\176\0002\0000\0001\0007\000-\0001\0000\000-\0000\0001\000\051\000:\000\040\000M\000e\000a\000s\000u\000r\000e\000m\000e\000n\000t}{section*.3}% 10
\BOOKMARK [2][-]{subsection*.11}{\376\377\000W\000e\000e\000k\000\040\0007\000\040\000\050\0002\0000\0001\0007\000-\0001\0000\000-\0000\0002\000\176\0002\0000\0001\0007\000-\0001\0000\000-\0000\0008\000\051\000:\000\040\000T\000h\000e\000o\000r\000y}{section*.3}% 11
\BOOKMARK [2][-]{subsection*.12}{\376\377\000W\000e\000e\000k\000\040\0008\000\040\000\050\0002\0000\0001\0007\000-\0001\0000\000-\0000\0009\000\176\0002\0000\0001\0007\000-\0001\0000\000-\0001\0005\000\051\000:\000\040\000E\000x\000p\000e\000r\000i\000m\000e\000n\000t\000a\000l\000\040\000L\000o\000g\000i\000c\000\040\000a\000n\000d\000\040\000D\000e\000s\000i\000g\000n}{section*.3}% 12
\BOOKMARK [2][-]{subsection*.13}{\376\377\000W\000e\000e\000k\000\040\0009\000\040\000\050\0002\0000\0001\0007\000-\0001\0000\000-\0001\0006\000\176\0002\0000\0001\0007\000-\0001\0000\000-\0002\0002\000\051\000:\000\040\000P\000r\000i\000n\000c\000i\000p\000l\000e\000s\000\040\000o\000f\000\040\000C\000a\000s\000e\000\040\000S\000t\000u\000d\000y}{section*.3}% 13
\BOOKMARK [2][-]{subsection*.14}{\376\377\000W\000e\000e\000k\000\040\0001\0000\000\040\000\050\0002\0000\0001\0007\000-\0001\0000\000-\0002\0003\000\176\0002\0000\0001\0007\000-\0001\0000\000-\0002\0009\000\051\000:\000\040\000C\000a\000s\000e\000\040\000S\000t\000u\000d\000y\000\040\000i\000n\000\040\000P\000r\000a\000c\000t\000i\000c\000e}{section*.3}% 14
\BOOKMARK [2][-]{subsection*.15}{\376\377\000W\000e\000e\000k\000\040\0001\0001\000\040\000\050\0002\0000\0001\0007\000-\0001\0000\000-\0003\0000\000\176\0002\0000\0001\0007\000-\0001\0001\000-\0000\0005\000\051\000:\000\040\000C\000o\000n\000t\000e\000n\000t\000\040\000A\000n\000a\000l\000y\000s\000i\000s}{section*.3}% 15
\BOOKMARK [2][-]{subsection*.16}{\376\377\000W\000e\000e\000k\000\040\0001\0002\000\040\000\050\0002\0000\0001\0007\000-\0001\0001\000-\0000\0006\000\176\0002\0000\0001\0007\000-\0001\0001\000-\0001\0002\000\051\000:\000\040\000L\000a\000r\000g\000e\000-\000N\000\040\000A\000n\000a\000l\000y\000s\000i\000s}{section*.3}% 16
\BOOKMARK [2][-]{subsection*.17}{\376\377\000W\000e\000e\000k\000\040\0001\0003\000\040\000\050\0002\0000\0001\0007\000-\0001\0001\000-\0001\0003\000\176\0002\0000\0001\0007\000-\0001\0001\000-\0001\0009\000\051\000:\000\040\000P\000r\000o\000f\000e\000s\000s\000i\000o\000n}{section*.3}% 17
\BOOKMARK [2][-]{subsection*.18}{\376\377\000W\000e\000e\000k\000\040\0001\0004\000\040\000\050\0002\0000\0001\0007\000-\0001\0001\000-\0002\0000\000\176\0002\0000\0001\0007\000-\0001\0001\000-\0002\0006\000\051\000:\000\040\000T\000h\000a\000n\000k\000s\000\040\000G\000i\000v\000i\000n\000g\000\040\000W\000e\000e\000k}{section*.3}% 18
\BOOKMARK [2][-]{subsection*.19}{\376\377\000W\000e\000e\000k\000\040\0001\0005\000\040\000\050\0002\0000\0001\0007\000-\0001\0001\000-\0002\0007\000\176\0002\0000\0001\0007\000-\0001\0002\000-\0000\0003\000\051\000:\000\040\000P\000r\000e\000s\000e\000n\000t\000a\000t\000i\000o\000n}{section*.3}% 19
\BOOKMARK [2][-]{subsection*.20}{\376\377\000W\000e\000e\000k\000\040\0001\0006\000\040\000\050\0002\0000\0001\0007\000-\0001\0002\000-\0000\0004\000\176\0002\0000\0001\0007\000-\0001\0002\000-\0001\0000\000\051\000:\000\040\000P\000r\000e\000s\000e\000n\000t\000a\000t\000i\000o\000n}{section*.3}% 20
\BOOKMARK [2][-]{subsection*.20}{\376\377\000W\000e\000e\000k\000\040\0001\0007\000\040\000\050\0002\0000\0001\0007\000-\0001\0002\000-\0001\0001\000\176\0002\0000\0001\0007\000-\0001\0002\000-\0001\0007\000\051\000:\000\040\000F\000i\000n\000a\000l\000\040\000W\000e\000e\000k}{section*.3}% 21
